<?xml version="1.0" encoding="UTF-8"?>
<testsuite xmlns:xsi="http://www.w3.org/2001/XMLSchema-instance" xsi:noNamespaceSchemaLocation="https://maven.apache.org/surefire/maven-surefire-plugin/xsd/surefire-test-report.xsd" version="3.0.2" name="sv.edu.udb.service.PostServiceTest" time="0.154" tests="6" errors="0" skipped="0" failures="0">
  <properties>
[...]
</properties>
  <testcase name="shouldGetEntityNotFoundException_When_NoExistPostWithId" classname="sv.edu.udb.service.PostServiceTest" time="0.131"/>
  <testcase name="shouldGetAllPostResponse_When_FindAllThePost" classname="sv.edu.udb.service.PostServiceTest" time="0.006"/>
  <testcase name="shouldDeletePost_When_PostIdExist" classname="sv.edu.udb.service.PostServiceTest" time="0.003"/>
  <testcase name="shouldUpdatePost_When_PostRequestAndIdAreValid" classname="sv.edu.udb.service.PostServiceTest" time="0.006"/>
  <testcase name="shouldSavePostEntity_When_PostRequestIsValid" classname="sv.edu.udb.service.PostServiceTest" time="0.004"/>
  <testcase name="shouldGetPost_When_ExistPostWithId" classname="sv.edu.udb.service.PostServiceTest" time="0.002"/>
</testsuite>