<?xml version="1.0" encoding="UTF-8"?>
<testsuite xmlns:xsi="http://www.w3.org/2001/XMLSchema-instance" xsi:noNamespaceSchemaLocation="https://maven.apache.org/surefire/maven-surefire-plugin/xsd/surefire-test-report-3.0.xsd" version="3.0" name="sv.edu.udb.spring_di.service.MovieServiceTest" time="1.586" tests="4" errors="0" skipped="0" failures="0">
  <properties>
[...]
</properties>
  <testcase name="shouldMovieServiceNotNull_When_SpringContextWorks" classname="sv.edu.udb.spring_di.service.MovieServiceTest" time="0.602">
    <system-out><![CDATA[17:55:56.298 [main] INFO org.springframework.test.context.support.AnnotationConfigContextLoaderUtils -- Could not detect default configuration classes for test class [sv.edu.udb.spring_di.service.MovieServiceTest]: MovieServiceTest does not declare any static, non-private, non-final, nested classes annotated with @Configuration.
17:55:56.394 [main] INFO org.springframework.boot.test.context.SpringBootTestContextBootstrapper -- Found @SpringBootConfiguration sv.edu.udb.spring_di.SpringDiApplication for test class sv.edu.udb.spring_di.service.MovieServiceTest

  .   ____          _            __ _ _
 /\\ / ___'_ __ _ _(_)_ __  __ _ \ \ \ \
( ( )\___ | '_ | '_| | '_ \/ _` | \ \ \ \
 \\/  ___)| |_)| | | | | || (_| |  ) ) ) )
  '  |____| .__|_| |_|_| |_\__, | / / / /
 =========|_|==============|___/=/_/_/_/

 :: Spring Boot ::                (v3.3.8)

2025-07-08T17:55:56.716-06:00  INFO 13304 --- [spring-di] [           main] s.e.u.s.service.MovieServiceTest         : Starting MovieServiceTest using Java 23.0.2 with PID 13304 (started by usuario in C:\Users\usuario\Desktop\semana 3\spring-di)
2025-07-08T17:55:56.717-06:00  INFO 13304 --- [spring-di] [           main] s.e.u.s.service.MovieServiceTest         : No active profile set, falling back to 1 default profile: "default"
2025-07-08T17:55:57.100-06:00  INFO 13304 --- [spring-di] [           main] s.e.u.s.service.MovieServiceTest         : Started MovieServiceTest in 0.595 seconds (process running for 1.555)
]]></system-out>
    <system-err><![CDATA[WARNING: A Java agent has been loaded dynamically (C:\Users\usuario\.m2\repository\net\bytebuddy\byte-buddy-agent\1.14.19\byte-buddy-agent-1.14.19.jar)
WARNING: If a serviceability tool is in use, please run with -XX:+EnableDynamicAgentLoading to hide this warning
WARNING: If a serviceability tool is not in use, please run with -Djdk.instrument.traceUsage for more information
WARNING: Dynamic loading of agents will be disallowed by default in a future release
]]></system-err>
  </testcase>
  <testcase name="shouldThrowNoSuchElementException_When_MovieIdDoesNotExists" classname="sv.edu.udb.spring_di.service.MovieServiceTest" time="0.003"/>
  <testcase name="shouldMovieRepositoryNotNul_When_DIWorks" classname="sv.edu.udb.spring_di.service.MovieServiceTest" time="0.002"/>
  <testcase name="shouldGetAMovie_When_TheMovieIdExists" classname="sv.edu.udb.spring_di.service.MovieServiceTest" time="0.001"/>
</testsuite>